[2023-12-17 14:25:52]    Event        Event Time  Train ID  Trains  Waiting Passage
[2023-12-17 14:25:52] ------------------------------------------------------------------------------------

[2023-12-17 14:25:54] Tunnel Passing   14:25:54    	1             	2,5,4,3

[2023-12-17 14:25:57] Tunnel Passing   14:25:57    	2             	6,5,7,4,8,3

[2023-12-17 14:26:00] Tunnel Passing   14:26:00    	5             	6,7,10,4,8,3,9

[2023-12-17 14:26:04] Overload         14:26:04   	#            	6,7,10,4,8,3,9

[2023-12-17 14:26:06] Tunnel Passing   14:26:06    	8             	6,11,7,10,12,14,3,9,13

[2023-12-17 14:26:08] Tunnel Passing   14:26:08    	3             	6,11,7,10,12,14,9,13

[2023-12-17 14:26:09] Breakdown        14:26:09   	3             	6,11,7,10,12,14,9,13

[2023-12-17 14:26:14] Tunnel Passing   14:26:14    	6             	11,7,10,12,14,9,13

[2023-12-17 14:26:16] Tunnel Passing   14:26:16    	7             	11,10,12,14,9,13

[2023-12-17 14:26:18] Tunnel Passing   14:26:18    	12             	11,10,14,9,13

[2023-12-17 14:26:20] Tunnel Passing   14:26:20    	9             	11,10,14,13

[2023-12-17 14:26:22] Tunnel Passing   14:26:22    	11             	10,14,13

[2023-12-17 14:26:25] Tunnel Passing   14:26:25    	10             	14,13

[2023-12-17 14:26:27] Tunnel Passing   14:26:27    	14             	13

[2023-12-17 14:26:29] Tunnel Passing   14:26:29    	13             	

[2023-12-17 14:26:33] Tunnel Passing   14:26:33    	16             	17,18,15

[2023-12-17 14:26:37] Tunnel Passing   14:26:37    	18             	17,20,21,15,19

[2023-12-17 14:26:40] Tunnel Passing   14:26:40    	20             	17,21,23,22,25,15,19,24

[2023-12-17 14:26:44] Overload         14:26:44   	#            	17,21,23,22,25,15,19,24

[2023-12-17 14:26:44] Tunnel Passing   14:26:44    	15             	17,21,23,27,22,25,28,19,24,26

[2023-12-17 14:26:47] Tunnel Passing   14:26:47    	21             	17,23,27,22,25,28,19,24,26

[2023-12-17 14:26:49] Tunnel Passing   14:26:49    	22             	17,23,27,25,28,19,24,26

[2023-12-17 14:26:51] Tunnel Passing   14:26:51    	19             	17,23,27,25,28,24,26

